<?xml version="1.0" encoding="UTF-8"?>
<!-- Generated by org.testng.reporters.JUnitReportReporter -->
<testsuite skipped="0" hostname="DESKTOP-KG1G495" name="testCases.TC_01_BrowserLooadTest" tests="3" failures="0" timestamp="30 Mar 2019 04:05:14 GMT" time="7.108" errors="0">
  <testcase name="LoadBrwser" time="7.100" classname="testCases.TC_01_BrowserLooadTest"/>
  <testcase name="LoginProcess" time="0.004" classname="testCases.TC_01_BrowserLooadTest"/>
  <testcase name="Flight_Finding" time="0.004" classname="testCases.TC_01_BrowserLooadTest"/>
</testsuite> <!-- testCases.TC_01_BrowserLooadTest -->
